<?xml version="1.0" encoding="UTF-8"?>
<!-- Generated by org.testng.reporters.JUnitXMLReporter -->
<testsuite ignored="0" hostname="Rahuls-MacBook-Pro.local" failures="0" tests="10" name="Default test" time="89.262" errors="0" timestamp="2024-06-20T22:04:22 IST">
  <testcase classname="com.SauceTests.LoginSanityTest" name="addData" time="31.339"/>
  <testcase classname="com.SauceTests.LoginSanityTest" name="problemuser" time="0.235"/>
  <testcase classname="com.SauceTests.UserAccTest" name="visualuser" time="1.745"/>
  <testcase classname="com.SauceTests.UserAccTest" name="standardUser" time="3.35"/>
  <testcase classname="com.SauceTests.UserAccTest" name="problemuser" time="1.344"/>
  <testcase classname="com.SauceTests.BuyProductsTest" name="buyProductsKart" time="4.105"/>
  <testcase classname="com.SauceTests.FilterTest" name="ZtoAfilter" time="1.036"/>
  <testcase classname="com.SauceTests.CheckOutTest" name="firstname" time="4.01"/>
  <testcase classname="com.SauceTests.CheckOutTest" name="lastname" time="5.739"/>
  <testcase classname="com.SauceTests.CheckOutTest" name="pincode" time="5.846"/>
</testsuite> <!-- Default test -->
