<?xml version="1.0" encoding="UTF-8"?>
<!-- Generated by org.testng.reporters.JUnitXMLReporter -->
<testsuite ignored="0" hostname="Rahuls-MacBook-Pro.local" failures="0" tests="10" name="Test" time="90.009" errors="0" timestamp="2024-06-20T21:51:40 IST">
  <testcase classname="com.SauceTests.CheckOutTest" name="firstname" time="4.57"/>
  <testcase classname="com.SauceTests.CheckOutTest" name="lastname" time="6.36"/>
  <testcase classname="com.SauceTests.CheckOutTest" name="pincode" time="6.211"/>
  <testcase classname="com.SauceTests.BuyProductsTest" name="buyProductsKart" time="4.238"/>
  <testcase classname="com.SauceTests.LoginSanityTest" name="addData" time="30.262"/>
  <testcase classname="com.SauceTests.LoginSanityTest" name="problemuser" time="0.254"/>
  <testcase classname="com.SauceTests.FilterTest" name="ZtoAfilter" time="1.13"/>
  <testcase classname="com.SauceTests.UserTest" name="visualuser" time="1.709"/>
  <testcase classname="com.SauceTests.UserTest" name="standardUser" time="3.442"/>
  <testcase classname="com.SauceTests.UserTest" name="problemuser" time="1.696"/>
</testsuite> <!-- Test -->
